[2026-03-22 00:41:02] Assemblies loaded
[2026-03-22 00:41:02] Starting Archipelago Overlay
[2026-03-22 00:41:02] Using log: C:\ProgramData\Archipelago\logs\Launcher_2026_03_21_23_20_24.txt
[2026-03-22 00:41:02] Seeded at line 75
[2026-03-22 00:41:02] Font: Bahnschrift
[2026-03-22 00:41:02] WPF window created
[2026-03-22 00:41:02] Starting event loop
[2026-03-22 00:41:02] Window loaded, setting up click-through
[2026-03-22 00:41:02] Poll timer started (1500ms)
[2026-03-22 00:41:02] All timers running. Overlay ready.
[2026-03-22 00:41:03] Show: Archipelago Overlay ready - waiting for events [#80A0D0]
[2026-03-22 00:41:03] Startup overlay shown
[2026-03-22 00:41:03] Event loop running
[2026-03-22 00:41:14] Overlay toggled: False
[2026-03-22 00:41:19] Overlay toggled: True
[2026-03-22 00:41:27] Overlay toggled: False
[2026-03-22 00:41:28] Overlay toggled: True
[2026-03-22 00:45:41] Assemblies loaded
[2026-03-22 00:45:41] Starting Archipelago Overlay
[2026-03-22 00:45:41] Using log: C:\ProgramData\Archipelago\logs\Launcher_2026_03_21_23_20_24.txt
[2026-03-22 00:45:41] Seeded at line 75
[2026-03-22 00:45:41] Font: HandelGothic BT
[2026-03-22 00:45:41] WPF window created
[2026-03-22 00:45:41] Starting event loop
[2026-03-22 00:45:41] Window loaded, setting up click-through
[2026-03-22 00:45:41] Poll timer started (1500ms)
[2026-03-22 00:45:41] All timers running. Overlay ready.
[2026-03-22 00:45:41] Show: Archipelago Overlay ready - waiting for events [#80A0D0]
[2026-03-22 00:45:41] Startup overlay shown
[2026-03-22 00:45:41] Event loop running
[2026-03-22 00:45:49] Show: Font: Bahnschrift [#80A0D0]
[2026-03-22 00:45:53] Show: Font: HandelGothic BT [#80A0D0]
[2026-03-22 00:46:05] Show: clubs: test [#80A0D0]
[2026-03-22 00:46:06] Show: clubs: test [#80A0D0]
[2026-03-22 00:46:20] Exit requested
[2026-03-22 00:46:20] Window closed, cleaning up
[2026-03-22 00:46:22] Exit requested
[2026-03-22 00:46:22] Window closed, cleaning up
[2026-03-22 00:46:28] Assemblies loaded
[2026-03-22 00:46:28] Starting Archipelago Overlay
[2026-03-22 00:46:28] Using log: C:\ProgramData\Archipelago\logs\Launcher_2026_03_21_23_20_24.txt
[2026-03-22 00:46:28] Seeded at line 76
[2026-03-22 00:46:28] Font: HandelGothic BT
[2026-03-22 00:46:28] WPF window created
[2026-03-22 00:46:29] Starting event loop
[2026-03-22 00:46:29] Window loaded, setting up click-through
[2026-03-22 00:46:29] Poll timer started (1500ms)
[2026-03-22 00:46:29] All timers running. Overlay ready.
[2026-03-22 00:46:29] Show: Archipelago Overlay ready - waiting for events [#80A0D0]
[2026-03-22 00:46:29] Startup overlay shown
[2026-03-22 00:46:29] Event loop running
[2026-03-22 00:46:35] Show: Font: Bahnschrift [#80A0D0]
[2026-03-22 00:46:39] Show: Font: HandelGothic BT [#80A0D0]
[2026-03-22 00:46:42] Overlay toggled: False
[2026-03-22 00:46:44] Overlay toggled: True
[2026-03-22 00:46:46] Overlay toggled: False
[2026-03-22 00:46:46] Overlay toggled: True
[2026-03-22 00:46:48] Show: Font: Bahnschrift [#80A0D0]
[2026-03-22 00:46:51] Show: Font: HandelGothic BT [#80A0D0]
[2026-03-22 00:46:56] Show: clubs: test [#80A0D0]
[2026-03-22 00:47:01] Show: clubs: test [#80A0D0]
[2026-03-22 00:47:07] Show: clubs: test [#80A0D0]
[2026-03-22 00:47:08] Show: clubs: test [#80A0D0]
[2026-03-22 00:49:43] Assemblies loaded
[2026-03-22 00:49:43] Starting Archipelago Overlay
[2026-03-22 00:49:43] Using log: C:\ProgramData\Archipelago\logs\Launcher_2026_03_21_23_20_24.txt
[2026-03-22 00:49:43] Seeded at line 80
[2026-03-22 00:49:43] Font: HandelGothic BT
[2026-03-22 00:49:43] WPF window created
[2026-03-22 00:49:43] Starting event loop
[2026-03-22 00:49:43] Window loaded, setting up click-through
[2026-03-22 00:49:43] Poll timer started (1500ms)
[2026-03-22 00:49:43] All timers running. Overlay ready.
[2026-03-22 00:49:43] Show: Archipelago Overlay ready - waiting for events [#80A0D0]
[2026-03-22 00:49:43] Startup overlay shown
[2026-03-22 00:49:43] Event loop running
[2026-03-22 00:49:51] Overlay toggled: False
[2026-03-22 00:49:53] Overlay toggled: True
[2026-03-22 00:49:54] Show: Font: Segoe UI [#80A0D0]
[2026-03-22 00:49:57] Show: Font: HandelGothic BT [#80A0D0]
[2026-03-22 00:49:58] Show: Font: Segoe UI [#80A0D0]
[2026-03-22 00:50:01] Show: Font: HandelGothic BT [#80A0D0]
[2026-03-22 00:53:23] Assemblies loaded
[2026-03-22 00:53:23] Starting Archipelago Overlay
[2026-03-22 00:53:23] Using log: C:\ProgramData\Archipelago\logs\Launcher_2026_03_21_23_20_24.txt
[2026-03-22 00:53:23] Seeded at line 80
[2026-03-22 00:53:23] Font: HandelGothic BT
[2026-03-22 00:53:23] WPF window created
[2026-03-22 00:53:23] Starting event loop
[2026-03-22 00:53:23] Window loaded, setting up click-through
[2026-03-22 00:53:23] Poll timer started (1500ms)
[2026-03-22 00:53:23] All timers running. Overlay ready.
[2026-03-22 00:53:23] Show: Archipelago Overlay ready - waiting for events [#80A0D0]
[2026-03-22 00:53:23] Startup overlay shown
[2026-03-22 00:53:23] Event loop running
[2026-03-22 00:53:27] Show: Font: Bahnschrift [#80A0D0]
[2026-03-22 00:53:30] Show: Font: HandelGothic BT [#80A0D0]
[2026-03-22 01:16:17] Assemblies loaded
[2026-03-22 01:16:17] Starting Archipelago Overlay
[2026-03-22 01:16:17] Using log: C:\ProgramData\Archipelago\logs\Launcher_2026_03_21_23_20_24.txt
[2026-03-22 01:16:17] Seeded at line 80
[2026-03-22 01:16:17] Font: HandelGothic BT
[2026-03-22 01:16:17] WPF window created
[2026-03-22 01:16:17] Starting event loop
[2026-03-22 01:16:17] Window loaded, setting up click-through
[2026-03-22 01:16:17] Poll timer started (1500ms)
[2026-03-22 01:16:17] All timers running. Overlay ready.
[2026-03-22 01:16:17] Show: Archipelago Overlay ready - waiting for events [#80A0D0]
[2026-03-22 01:16:17] Startup overlay shown
[2026-03-22 01:16:17] Event loop running
[2026-03-22 01:41:22] Show: clubs found their 8 Gold Bolts [#80A0D0]
[2026-03-22 01:43:10] Show: clubs found their Hoven [#80A0D0]
[2026-03-22 01:44:19] Show: clubs found their 15,000 bolts [#80A0D0]
[2026-03-22 01:44:55] Show: clubs found their Oltanis [#80A0D0]
[2026-03-22 01:46:37] Show: clubs found their 15,000 bolts [#80A0D0]
[2026-03-22 01:47:17] Show: clubs found their Orxon [#80A0D0]
[2026-03-22 01:47:23] Show: clubs found their 15,000 bolts [#80A0D0]
[2026-03-22 01:49:22] Show: clubs found their Hydrodisplacer [#80A0D0]
[2026-03-22 01:52:44] Show: clubs found their 15,000 bolts [#80A0D0]
[2026-03-22 01:54:00] Show: clubs found their Metal Detector [#80A0D0]
[2026-03-22 01:58:30] Show: clubs found their Grindboots [#80A0D0]
[2026-03-22 01:58:39] Show: clubs found their 15,000 bolts [#80A0D0]
[2026-03-22 10:22:43] Assemblies loaded
[2026-03-22 10:22:43] Starting Archipelago Overlay
[2026-03-22 10:22:43] Using log: C:\ProgramData\Archipelago\logs\Launcher_2026_03_21_23_20_24.txt
[2026-03-22 10:22:43] Seeded at line 98
[2026-03-22 10:22:43] Font: HandelGothic BT
[2026-03-22 10:22:44] WPF window created
[2026-03-22 10:22:44] Starting event loop
[2026-03-22 10:22:44] Window loaded, setting up click-through
[2026-03-22 10:22:44] Poll timer started (1500ms)
[2026-03-22 10:22:44] All timers running. Overlay ready.
[2026-03-22 10:22:44] Show: Archipelago Overlay ready - waiting for events [#80A0D0]
[2026-03-22 10:22:44] Startup overlay shown
[2026-03-22 10:22:44] Event loop running
[2026-03-22 10:32:49] Show: clubs found their Hologuise [#80A0D0]
[2026-03-22 10:41:31] Show: clubs found their Kalebo III [#80A0D0]
[2026-03-22 10:42:13] Show: Font: Bahnschrift [#80A0D0]
[2026-03-22 10:42:15] Show: Font: HandelGothic BT [#80A0D0]
[2026-03-22 10:42:16] Overlay toggled: False
[2026-03-22 10:42:20] Overlay toggled: True
[2026-03-22 10:42:24] Show: Font: HandelGothic BT [#80A0D0]
[2026-03-22 10:42:31] Show: Font: Bahnschrift [#80A0D0]
[2026-03-22 10:42:38] Show: Font: HandelGothic BT [#80A0D0]
[2026-03-22 12:44:29] Assemblies loaded
[2026-03-22 12:44:30] Starting Archipelago Overlay
[2026-03-22 12:44:30] Using log: C:\ProgramData\Archipelago\logs\Launcher_2026_03_22_12_43_27.txt
[2026-03-22 12:44:30] Seeded at line 83
[2026-03-22 12:44:30] Font: HandelGothic BT
[2026-03-22 12:44:30] WPF window created
[2026-03-22 12:44:31] Starting event loop
[2026-03-22 12:44:31] Window loaded, setting up click-through
[2026-03-22 12:44:31] Poll timer started (1500ms)
[2026-03-22 12:44:31] All timers running. Overlay ready.
[2026-03-22 12:44:31] Show: Archipelago Overlay ready - waiting for events [#80A0D0]
[2026-03-22 12:44:31] Startup overlay shown
[2026-03-22 12:44:31] Event loop running
[2026-03-22 12:44:34] Show: RPCS3 not found or in fullscreen [#80A0D0]
[2026-03-22 12:44:41] Show: Font: Bahnschrift [#80A0D0]
[2026-03-22 12:44:43] Show: Font: HandelGothic BT [#80A0D0]
[2026-03-22 12:45:16] Borderless: True
[2026-03-22 12:45:16] Pump error (non-fatal): Exception calling "Invoke" with "2" argument(s): "You cannot call a method on a null-valued expression."
[2026-03-22 12:45:32] Show: Font: Bahnschrift [#80A0D0]
[2026-03-22 12:45:59] Borderless: False
[2026-03-22 12:45:59] Show: Borderless OFF [#80A0D0]
[2026-03-22 12:46:07] Borderless: True
[2026-03-22 12:46:07] Show: Borderless ON [#80A0D0]
[2026-03-22 12:46:09] Show: Font: HandelGothic BT [#80A0D0]
[2026-03-22 12:46:11] Borderless: False
[2026-03-22 12:46:11] Show: Borderless OFF [#80A0D0]
[2026-03-22 12:46:14] Borderless: True
[2026-03-22 12:46:14] Show: Borderless ON [#80A0D0]
[2026-03-22 12:46:15] Borderless: False
[2026-03-22 12:46:15] Show: Borderless OFF [#80A0D0]
[2026-03-22 12:46:17] Borderless: True
[2026-03-22 12:46:17] Show: Borderless ON [#80A0D0]
[2026-03-22 12:46:30] Show: Font: Bahnschrift [#80A0D0]
[2026-03-22 13:44:50] Assemblies loaded
[2026-03-22 13:44:50] Starting Archipelago Overlay
[2026-03-22 13:44:50] Using log: C:\ProgramData\Archipelago\logs\Launcher_2026_03_22_12_43_27.txt
[2026-03-22 13:44:50] Seeded at line 91
[2026-03-22 13:44:50] Font: HandelGothic BT
[2026-03-22 13:44:50] WPF window created
[2026-03-22 13:44:50] Starting event loop
[2026-03-22 13:44:50] Window loaded, setting up click-through
[2026-03-22 13:44:50] Poll timer started (1500ms)
[2026-03-22 13:44:50] All timers running. Overlay ready.
[2026-03-22 13:44:50] Show: Archipelago Overlay ready - waiting for events [#80A0D0]
[2026-03-22 13:44:50] Startup overlay shown
[2026-03-22 13:44:50] Event loop running
[2026-03-22 13:45:20] Show: Font: Bahnschrift [#80A0D0]
[2026-03-22 13:45:24] Show: Font: HandelGothic BT [#80A0D0]
[2026-03-22 13:46:51] Assemblies loaded
[2026-03-22 13:46:51] Starting Archipelago Overlay
[2026-03-22 13:46:51] Using log: C:\ProgramData\Archipelago\logs\Launcher_2026_03_22_12_43_27.txt
[2026-03-22 13:46:51] Seeded at line 91
[2026-03-22 13:46:51] Font: HandelGothic BT
[2026-03-22 13:46:51] WPF window created
[2026-03-22 13:46:51] Starting event loop
[2026-03-22 13:46:51] Window loaded, setting up click-through
[2026-03-22 13:46:51] Poll timer started (1500ms)
[2026-03-22 13:46:51] All timers running. Overlay ready.
[2026-03-22 13:46:51] Show: Archipelago Overlay ready - waiting for events [#80A0D0]
[2026-03-22 13:46:51] Startup overlay shown
[2026-03-22 13:46:51] Event loop running
[2026-03-22 13:46:56] Show: Font: Bahnschrift [#80A0D0]
[2026-03-22 13:46:57] Show: Font: HandelGothic BT [#80A0D0]
[2026-03-22 13:47:03] Show: Font: Bahnschrift [#80A0D0]
[2026-03-22 13:47:04] Show: Font: HandelGothic BT [#80A0D0]
